0 info it worked if it ends with ok
1 verbose cli [ 'node',
1 verbose cli   '/usr/local/bin/npm',
1 verbose cli   'install',
1 verbose cli   '-g',
1 verbose cli   'grunt-cli',
1 verbose cli   'mocha',
1 verbose cli   'istanbul' ]
2 info using npm@2.11.3
3 info using node@v0.12.7
4 verbose install initial load of /usr/local/lib/package.json
5 verbose readDependencies loading dependencies from /usr/local/lib/package.json
6 silly cache add args [ 'grunt-cli', null ]
7 verbose cache add spec grunt-cli
8 silly cache add args [ 'mocha', null ]
9 verbose cache add spec mocha
10 silly cache add args [ 'istanbul', null ]
11 verbose cache add spec istanbul
12 silly cache add parsed spec { raw: 'grunt-cli',
12 silly cache add   scope: null,
12 silly cache add   name: 'grunt-cli',
12 silly cache add   rawSpec: '',
12 silly cache add   spec: '*',
12 silly cache add   type: 'range' }
13 silly addNamed grunt-cli@*
14 verbose addNamed "*" is a valid semver range for grunt-cli
15 silly addNameRange { name: 'grunt-cli', range: '*', hasData: false }
16 silly mapToRegistry name grunt-cli
17 silly mapToRegistry using default registry
18 silly mapToRegistry registry https://registry.npmjs.org/
19 silly mapToRegistry uri https://registry.npmjs.org/grunt-cli
20 verbose addNameRange registry:https://registry.npmjs.org/grunt-cli not in flight; fetching
21 silly cache add parsed spec { raw: 'mocha',
21 silly cache add   scope: null,
21 silly cache add   name: 'mocha',
21 silly cache add   rawSpec: '',
21 silly cache add   spec: '*',
21 silly cache add   type: 'range' }
22 silly addNamed mocha@*
23 verbose addNamed "*" is a valid semver range for mocha
24 silly addNameRange { name: 'mocha', range: '*', hasData: false }
25 silly mapToRegistry name mocha
26 silly mapToRegistry using default registry
27 silly mapToRegistry registry https://registry.npmjs.org/
28 silly mapToRegistry uri https://registry.npmjs.org/mocha
29 verbose addNameRange registry:https://registry.npmjs.org/mocha not in flight; fetching
30 silly cache add parsed spec { raw: 'istanbul',
30 silly cache add   scope: null,
30 silly cache add   name: 'istanbul',
30 silly cache add   rawSpec: '',
30 silly cache add   spec: '*',
30 silly cache add   type: 'range' }
31 silly addNamed istanbul@*
32 verbose addNamed "*" is a valid semver range for istanbul
33 silly addNameRange { name: 'istanbul', range: '*', hasData: false }
34 silly mapToRegistry name istanbul
35 silly mapToRegistry using default registry
36 silly mapToRegistry registry https://registry.npmjs.org/
37 silly mapToRegistry uri https://registry.npmjs.org/istanbul
38 verbose addNameRange registry:https://registry.npmjs.org/istanbul not in flight; fetching
39 verbose request uri https://registry.npmjs.org/grunt-cli
40 verbose request no auth needed
41 info attempt registry request try #1 at 3:25:20 PM
42 verbose request id 1514ce3c966c8d74
43 verbose etag "445ZDVYSUP9I78LRDHBS79E6G"
44 http request GET https://registry.npmjs.org/grunt-cli
45 verbose request uri https://registry.npmjs.org/mocha
46 verbose request no auth needed
47 info attempt registry request try #1 at 3:25:20 PM
48 verbose etag "BMM2AFGI56GUD1WVWCATVEGDU"
49 http request GET https://registry.npmjs.org/mocha
50 verbose request uri https://registry.npmjs.org/istanbul
51 verbose request no auth needed
52 info attempt registry request try #1 at 3:25:20 PM
53 verbose etag "2M4KLAPD6OA0XO1G5MCCY3OZ8"
54 http request GET https://registry.npmjs.org/istanbul
55 http 200 https://registry.npmjs.org/grunt-cli
56 silly get cb [ 200,
56 silly get   { server: 'CouchDB/1.5.0 (Erlang OTP/R16B03)',
56 silly get     etag: '"CF4R85261RBIPZBF8TTT6N3YI"',
56 silly get     'content-type': 'application/json',
56 silly get     'cache-control': 'max-age=60',
56 silly get     'content-length': '21742',
56 silly get     'accept-ranges': 'bytes',
56 silly get     date: 'Tue, 03 Nov 2015 23:25:20 GMT',
56 silly get     via: '1.1 varnish',
56 silly get     age: '0',
56 silly get     connection: 'keep-alive',
56 silly get     'x-served-by': 'cache-lax1430-LAX',
56 silly get     'x-cache': 'HIT',
56 silly get     'x-cache-hits': '91',
56 silly get     'x-timer': 'S1446593120.220301,VS0,VE0',
56 silly get     vary: 'Accept' } ]
57 verbose get saving grunt-cli to /Users/EILEENWEI/.npm/registry.npmjs.org/grunt-cli/.cache.json
58 silly addNameRange number 2 { name: 'grunt-cli', range: '*', hasData: true }
59 silly addNameRange versions [ 'grunt-cli',
59 silly addNameRange   [ '0.1.0',
59 silly addNameRange     '0.1.1',
59 silly addNameRange     '0.1.2',
59 silly addNameRange     '0.1.3',
59 silly addNameRange     '0.1.4',
59 silly addNameRange     '0.1.5',
59 silly addNameRange     '0.1.6',
59 silly addNameRange     '0.1.7',
59 silly addNameRange     '0.1.8',
59 silly addNameRange     '0.1.9',
59 silly addNameRange     '0.1.10',
59 silly addNameRange     '0.1.11',
59 silly addNameRange     '0.1.12',
59 silly addNameRange     '0.1.13' ] ]
60 silly addNamed grunt-cli@0.1.13
61 verbose addNamed "0.1.13" is a plain semver version for grunt-cli
62 http 200 https://registry.npmjs.org/mocha
63 silly get cb [ 200,
63 silly get   { server: 'CouchDB/1.5.0 (Erlang OTP/R16B03)',
63 silly get     etag: '"9TR0YM80KIO0Y5VXUCFQS66MV"',
63 silly get     'content-type': 'application/json',
63 silly get     'cache-control': 'max-age=60',
63 silly get     'content-length': '188526',
63 silly get     'accept-ranges': 'bytes',
63 silly get     date: 'Tue, 03 Nov 2015 23:25:20 GMT',
63 silly get     via: '1.1 varnish',
63 silly get     age: '15',
63 silly get     connection: 'keep-alive',
63 silly get     'x-served-by': 'cache-lax1422-LAX',
63 silly get     'x-cache': 'HIT',
63 silly get     'x-cache-hits': '1',
63 silly get     'x-timer': 'S1446593120.222580,VS0,VE1',
63 silly get     vary: 'Accept' } ]
64 verbose get saving mocha to /Users/EILEENWEI/.npm/registry.npmjs.org/mocha/.cache.json
65 http 200 https://registry.npmjs.org/istanbul
66 silly get cb [ 200,
66 silly get   { server: 'CouchDB/1.5.0 (Erlang OTP/R16B03)',
66 silly get     etag: '"8X71YBST1OT56TEOD0FHNZXI"',
66 silly get     'content-type': 'application/json',
66 silly get     'cache-control': 'max-age=60',
66 silly get     'content-length': '269536',
66 silly get     'accept-ranges': 'bytes',
66 silly get     date: 'Tue, 03 Nov 2015 23:25:20 GMT',
66 silly get     via: '1.1 varnish',
66 silly get     age: '43',
66 silly get     connection: 'keep-alive',
66 silly get     'x-served-by': 'cache-lax1421-LAX',
66 silly get     'x-cache': 'HIT',
66 silly get     'x-cache-hits': '1',
66 silly get     'x-timer': 'S1446593120.220224,VS0,VE2',
66 silly get     vary: 'Accept' } ]
67 verbose get saving istanbul to /Users/EILEENWEI/.npm/registry.npmjs.org/istanbul/.cache.json
68 silly cache afterAdd grunt-cli@0.1.13
69 verbose afterAdd /Users/EILEENWEI/.npm/grunt-cli/0.1.13/package/package.json not in flight; writing
70 verbose afterAdd /Users/EILEENWEI/.npm/grunt-cli/0.1.13/package/package.json written
71 silly addNameRange number 2 { name: 'istanbul', range: '*', hasData: true }
72 silly addNameRange versions [ 'istanbul',
72 silly addNameRange   [ '0.1.0',
72 silly addNameRange     '0.1.1',
72 silly addNameRange     '0.1.2',
72 silly addNameRange     '0.1.3',
72 silly addNameRange     '0.1.4',
72 silly addNameRange     '0.1.5',
72 silly addNameRange     '0.1.6',
72 silly addNameRange     '0.1.7',
72 silly addNameRange     '0.1.8',
72 silly addNameRange     '0.1.9',
72 silly addNameRange     '0.1.10',
72 silly addNameRange     '0.1.11',
72 silly addNameRange     '0.1.12',
72 silly addNameRange     '0.1.13',
72 silly addNameRange     '0.1.14',
72 silly addNameRange     '0.1.15',
72 silly addNameRange     '0.1.16',
72 silly addNameRange     '0.1.17',
72 silly addNameRange     '0.1.18',
72 silly addNameRange     '0.1.19',
72 silly addNameRange     '0.1.20',
72 silly addNameRange     '0.1.21',
72 silly addNameRange     '0.1.22',
72 silly addNameRange     '0.1.23',
72 silly addNameRange     '0.1.24',
72 silly addNameRange     '0.1.25',
72 silly addNameRange     '0.1.26',
72 silly addNameRange     '0.1.27',
72 silly addNameRange     '0.1.28',
72 silly addNameRange     '0.1.29',
72 silly addNameRange     '0.1.30',
72 silly addNameRange     '0.1.31',
72 silly addNameRange     '0.1.32',
72 silly addNameRange     '0.1.33',
72 silly addNameRange     '0.1.34',
72 silly addNameRange     '0.1.35',
72 silly addNameRange     '0.1.36',
72 silly addNameRange     '0.1.37',
72 silly addNameRange     '0.1.38',
72 silly addNameRange     '0.1.39',
72 silly addNameRange     '0.1.40',
72 silly addNameRange     '0.1.41',
72 silly addNameRange     '0.1.42',
72 silly addNameRange     '0.1.43',
72 silly addNameRange     '0.1.44',
72 silly addNameRange     '0.1.45',
72 silly addNameRange     '0.1.46',
72 silly addNameRange     '0.2.0',
72 silly addNameRange     '0.2.1',
72 silly addNameRange     '0.2.2',
72 silly addNameRange     '0.2.3',
72 silly addNameRange     '0.2.4',
72 silly addNameRange     '0.2.5',
72 silly addNameRange     '0.2.6',
72 silly addNameRange     '0.2.7',
72 silly addNameRange     '0.2.8',
72 silly addNameRange     '0.2.9',
72 silly addNameRange     '0.2.10',
72 silly addNameRange     '0.2.11',
72 silly addNameRange     '0.2.12',
72 silly addNameRange     '0.2.13',
72 silly addNameRange     '0.2.14',
72 silly addNameRange     '0.2.15',
72 silly addNameRange     '0.2.16',
72 silly addNameRange     '0.3.0',
72 silly addNameRange     '0.3.1',
72 silly addNameRange     '0.3.2',
72 silly addNameRange     '0.3.3',
72 silly addNameRange     '0.3.4',
72 silly addNameRange     '0.3.5',
72 silly addNameRange     '0.3.6',
72 silly addNameRange     '0.3.7',
72 silly addNameRange     '0.3.8',
72 silly addNameRange     '0.3.9',
72 silly addNameRange     '0.3.10',
72 silly addNameRange     '0.3.11',
72 silly addNameRange     '0.3.13',
72 silly addNameRange     '0.3.14',
72 silly addNameRange     '0.3.15',
72 silly addNameRange     '0.3.16',
72 silly addNameRange     '0.3.17',
72 silly addNameRange     '0.3.18',
72 silly addNameRange     '0.3.19',
72 silly addNameRange     '0.3.20',
72 silly addNameRange     '0.3.21',
72 silly addNameRange     '0.3.22',
72 silly addNameRange     '0.4.0' ] ]
73 silly addNamed istanbul@0.4.0
74 verbose addNamed "0.4.0" is a plain semver version for istanbul
75 silly addNameRange number 2 { name: 'mocha', range: '*', hasData: true }
76 silly addNameRange versions [ 'mocha',
76 silly addNameRange   [ '0.0.1-alpha1',
76 silly addNameRange     '0.0.1-alpha2',
76 silly addNameRange     '0.0.1-alpha3',
76 silly addNameRange     '0.0.1-alpha4',
76 silly addNameRange     '0.0.1-alpha5',
76 silly addNameRange     '0.0.1-alpha6',
76 silly addNameRange     '0.0.1',
76 silly addNameRange     '0.0.2',
76 silly addNameRange     '0.0.3',
76 silly addNameRange     '0.0.4',
76 silly addNameRange     '0.0.5',
76 silly addNameRange     '0.0.6',
76 silly addNameRange     '0.0.7',
76 silly addNameRange     '0.0.8',
76 silly addNameRange     '0.1.0',
76 silly addNameRange     '0.2.0',
76 silly addNameRange     '0.3.0',
76 silly addNameRange     '0.3.1',
76 silly addNameRange     '0.3.2',
76 silly addNameRange     '0.3.3',
76 silly addNameRange     '0.3.4',
76 silly addNameRange     '0.3.6',
76 silly addNameRange     '0.4.0',
76 silly addNameRange     '0.5.0',
76 silly addNameRange     '0.6.0',
76 silly addNameRange     '0.7.0',
76 silly addNameRange     '0.7.1',
76 silly addNameRange     '0.8.0',
76 silly addNameRange     '0.8.1',
76 silly addNameRange     '0.9.0',
76 silly addNameRange     '0.10.0',
76 silly addNameRange     '0.10.1',
76 silly addNameRange     '0.10.2',
76 silly addNameRange     '0.11.0',
76 silly addNameRange     '0.12.0',
76 silly addNameRange     '0.12.1',
76 silly addNameRange     '0.13.0',
76 silly addNameRange     '0.14.0',
76 silly addNameRange     '0.14.1',
76 silly addNameRange     '1.0.0',
76 silly addNameRange     '1.0.1',
76 silly addNameRange     '1.0.2',
76 silly addNameRange     '1.0.3',
76 silly addNameRange     '1.1.0',
76 silly addNameRange     '1.2.0',
76 silly addNameRange     '1.2.1',
76 silly addNameRange     '1.2.2',
76 silly addNameRange     '1.3.0',
76 silly addNameRange     '1.3.1',
76 silly addNameRange     '1.3.2',
76 silly addNameRange     '1.4.0',
76 silly addNameRange     '1.4.1',
76 silly addNameRange     '1.4.2',
76 silly addNameRange     '1.4.3',
76 silly addNameRange     '1.5.0',
76 silly addNameRange     '1.6.0',
76 silly addNameRange     '1.7.0',
76 silly addNameRange     '1.7.1',
76 silly addNameRange     '1.7.2',
76 silly addNameRange     '1.7.3',
76 silly addNameRange     '1.7.4',
76 silly addNameRange     '1.8.0',
76 silly addNameRange     '1.8.1',
76 silly addNameRange     '1.8.2',
76 silly addNameRange     '1.9.0',
76 silly addNameRange     '1.10.0',
76 silly addNameRange     '1.11.0',
76 silly addNameRange     '1.12.0',
76 silly addNameRange     '1.12.1',
76 silly addNameRange     '1.13.0',
76 silly addNameRange     '1.14.0',
76 silly addNameRange     '1.15.0',
76 silly addNameRange     '1.15.1',
76 silly addNameRange     '1.16.0',
76 silly addNameRange     '1.16.1',
76 silly addNameRange     '1.16.2',
76 silly addNameRange     '1.17.0',
76 silly addNameRange     '1.17.1',
76 silly addNameRange     '1.18.0',
76 silly addNameRange     '1.18.1',
76 silly addNameRange     '1.18.2',
76 silly addNameRange     '1.19.0',
76 silly addNameRange     '1.20.0',
76 silly addNameRange     '1.20.1',
76 silly addNameRange     '1.21.0',
76 silly addNameRange     '1.21.1',
76 silly addNameRange     '1.21.2',
76 silly addNameRange     '1.21.3',
76 silly addNameRange     '1.21.4',
76 silly addNameRange     '1.21.5',
76 silly addNameRange     '2.0.0',
76 silly addNameRange     '2.0.1',
76 silly addNameRange     '2.1.0',
76 silly addNameRange     '2.2.0',
76 silly addNameRange     '2.2.1',
76 silly addNameRange     '2.2.3',
76 silly addNameRange     '2.2.4',
76 silly addNameRange     '2.2.5',
76 silly addNameRange     '2.3.0',
76 silly addNameRange     '2.3.1',
76 silly addNameRange     '2.3.2',
76 silly addNameRange     '2.3.3' ] ]
77 silly addNamed mocha@2.3.3
78 verbose addNamed "2.3.3" is a plain semver version for mocha
79 silly cache afterAdd istanbul@0.4.0
80 verbose afterAdd /Users/EILEENWEI/.npm/istanbul/0.4.0/package/package.json not in flight; writing
81 verbose afterAdd /Users/EILEENWEI/.npm/istanbul/0.4.0/package/package.json written
82 silly cache afterAdd mocha@2.3.3
83 verbose afterAdd /Users/EILEENWEI/.npm/mocha/2.3.3/package/package.json not in flight; writing
84 verbose afterAdd /Users/EILEENWEI/.npm/mocha/2.3.3/package/package.json written
85 silly install resolved [ { name: 'grunt-cli',
85 silly install resolved     description: 'The grunt command line interface.',
85 silly install resolved     version: '0.1.13',
85 silly install resolved     author: { name: 'Grunt Team' },
85 silly install resolved     homepage: 'http://gruntjs.com/',
85 silly install resolved     repository: { type: 'git', url: 'git://github.com/gruntjs/grunt-cli.git' },
85 silly install resolved     bugs: { url: 'http://github.com/gruntjs/grunt-cli/issues' },
85 silly install resolved     licenses: [ [Object] ],
85 silly install resolved     bin: { grunt: 'bin/grunt' },
85 silly install resolved     engines: { node: '>= 0.8.0' },
85 silly install resolved     scripts: { test: 'node bin/grunt test' },
85 silly install resolved     preferGlobal: true,
85 silly install resolved     dependencies: { nopt: '~1.0.10', 'findup-sync': '~0.1.0', resolve: '~0.3.1' },
85 silly install resolved     devDependencies: { grunt: '~0.4.0', 'grunt-contrib-jshint': '~0.2.0' },
85 silly install resolved     contributors: [ [Object], [Object], [Object], [Object] ],
85 silly install resolved     _id: 'grunt-cli@0.1.13',
85 silly install resolved     dist:
85 silly install resolved      { shasum: 'e9ebc4047631f5012d922770c39378133cad10f4',
85 silly install resolved        tarball: 'http://registry.npmjs.org/grunt-cli/-/grunt-cli-0.1.13.tgz' },
85 silly install resolved     _from: 'grunt-cli@*',
85 silly install resolved     _npmVersion: '1.3.24',
85 silly install resolved     _npmUser: { name: 'tkellen', email: 'tyler@sleekcode.net' },
85 silly install resolved     maintainers: [ [Object] ],
85 silly install resolved     directories: {},
85 silly install resolved     _shasum: 'e9ebc4047631f5012d922770c39378133cad10f4',
85 silly install resolved     _resolved: 'https://registry.npmjs.org/grunt-cli/-/grunt-cli-0.1.13.tgz',
85 silly install resolved     readme: 'ERROR: No README data found!' },
85 silly install resolved   { name: 'istanbul',
85 silly install resolved     version: '0.4.0',
85 silly install resolved     description: 'Yet another JS code coverage tool that computes statement, line, function and branch coverage with module loader hooks to transparently add coverage when running tests. Supports all JS coverage use cases including unit tests, server side functional tests ',
85 silly install resolved     keywords: [ 'coverage', 'code coverage', 'JS code coverage', 'JS coverage' ],
85 silly install resolved     author:
85 silly install resolved      { name: 'Krishnan Anantheswaran',
85 silly install resolved        email: 'kananthmail-github@yahoo.com' },
85 silly install resolved     license: 'BSD-3-Clause',
85 silly install resolved     contributors:
85 silly install resolved      [ [Object],
85 silly install resolved        [Object],
85 silly install resolved        [Object],
85 silly install resolved        [Object],
85 silly install resolved        [Object],
85 silly install resolved        [Object],
85 silly install resolved        [Object],
85 silly install resolved        [Object],
85 silly install resolved        [Object],
85 silly install resolved        [Object],
85 silly install resolved        [Object],
85 silly install resolved        [Object],
85 silly install resolved        [Object],
85 silly install resolved        [Object],
85 silly install resolved        [Object],
85 silly install resolved        [Object],
85 silly install resolved        [Object],
85 silly install resolved        [Object],
85 silly install resolved        [Object],
85 silly install resolved        [Object],
85 silly install resolved        [Object],
85 silly install resolved        [Object],
85 silly install resolved        [Object],
85 silly install resolved        [Object],
85 silly install resolved        [Object],
85 silly install resolved        [Object],
85 silly install resolved        [Object],
85 silly install resolved        [Object],
85 silly install resolved        [Object],
85 silly install resolved        [Object],
85 silly install resolved        [Object],
85 silly install resolved        [Object],
85 silly install resolved        [Object],
85 silly install resolved        [Object],
85 silly install resolved        [Object],
85 silly install resolved        [Object],
85 silly install resolved        [Object],
85 silly install resolved        [Object],
85 silly install resolved        [Object],
85 silly install resolved        [Object],
85 silly install resolved        [Object],
85 silly install resolved        [Object],
85 silly install resolved        [Object],
85 silly install resolved        [Object],
85 silly install resolved        [Object],
85 silly install resolved        [Object],
85 silly install resolved        [Object],
85 silly install resolved        [Object],
85 silly install resolved        [Object],
85 silly install resolved        [Object],
85 silly install resolved        [Object],
85 silly install resolved        [Object],
85 silly install resolved        [Object],
85 silly install resolved        [Object],
85 silly install resolved        [Object],
85 silly install resolved        [Object],
85 silly install resolved        [Object],
85 silly install resolved        [Object],
85 silly install resolved        [Object],
85 silly install resolved        [Object],
85 silly install resolved        [Object],
85 silly install resolved        [Object],
85 silly install resolved        [Object],
85 silly install resolved        [Object] ],
85 silly install resolved     scripts:
85 silly install resolved      { pretest: 'jshint index.js lib/ test/ && ./download-escodegen-browser.sh',
85 silly install resolved        test: 'node --harmony test/run.js',
85 silly install resolved        posttest: 'node ./lib/cli.js check-coverage --statements 95 --branches 80',
85 silly install resolved        docs: 'npm install yuidocjs && node node_modules/yuidocjs/lib/cli.js .' },
85 silly install resolved     bin: { istanbul: './lib/cli.js' },
85 silly install resolved     files: [ 'index.js', 'lib/' ],
85 silly install resolved     repository: { type: 'git', url: 'git://github.com/gotwarlost/istanbul.git' },
85 silly install resolved     dependencies:
85 silly install resolved      { abbrev: '1.0.x',
85 silly install resolved        async: '1.x',
85 silly install resolved        escodegen: '1.7.x',
85 silly install resolved        esprima: '2.5.x',
85 silly install resolved        fileset: '0.2.x',
85 silly install resolved        handlebars: '^4.0.1',
85 silly install resolved        'js-yaml': '3.x',
85 silly install resolved        mkdirp: '0.5.x',
85 silly install resolved        nopt: '3.x',
85 silly install resolved        once: '1.x',
85 silly install resolved        resolve: '1.1.x',
85 silly install resolved        'supports-color': '^3.1.0',
85 silly install resolved        which: '^1.1.1',
85 silly install resolved        wordwrap: '^1.0.0' },
85 silly install resolved     devDependencies:
85 silly install resolved      { coveralls: '2.x',
85 silly install resolved        glob: '^5.0.14',
85 silly install resolved        jshint: '^2.8.0',
85 silly install resolved        nodeunit: '0.9.x',
85 silly install resolved        requirejs: '2.x',
85 silly install resolved        rimraf: '^2.4.3' },
85 silly install resolved     gitHead: '4799c5823da130753cbe0f1c52423be6b9fb39dd',
85 silly install resolved     bugs: { url: 'https://github.com/gotwarlost/istanbul/issues' },
85 silly install resolved     homepage: 'https://github.com/gotwarlost/istanbul',
85 silly install resolved     _id: 'istanbul@0.4.0',
85 silly install resolved     _shasum: '058b8437644f86f3b30f18bb355a95975a7fde78',
85 silly install resolved     _from: 'istanbul@*',
85 silly install resolved     _npmVersion: '2.5.1',
85 silly install resolved     _nodeVersion: '0.12.0',
85 silly install resolved     _npmUser: { name: 'gotwarlost', email: 'kananthmail-github@yahoo.com' },
85 silly install resolved     maintainers: [ [Object], [Object] ],
85 silly install resolved     dist:
85 silly install resolved      { shasum: '058b8437644f86f3b30f18bb355a95975a7fde78',
85 silly install resolved        tarball: 'http://registry.npmjs.org/istanbul/-/istanbul-0.4.0.tgz' },
85 silly install resolved     directories: {},
85 silly install resolved     _resolved: 'https://registry.npmjs.org/istanbul/-/istanbul-0.4.0.tgz',
85 silly install resolved     readme: 'ERROR: No README data found!' },
85 silly install resolved   { name: 'mocha',
85 silly install resolved     version: '2.3.3',
85 silly install resolved     description: 'simple, flexible, fun test framework',
85 silly install resolved     keywords: [ 'mocha', 'test', 'bdd', 'tdd', 'tap' ],
85 silly install resolved     author: { name: 'TJ Holowaychuk', email: 'tj@vision-media.ca' },
85 silly install resolved     contributors:
85 silly install resolved      [ [Object],
85 silly install resolved        [Object],
85 silly install resolved        [Object],
85 silly install resolved        [Object],
85 silly install resolved        [Object],
85 silly install resolved        [Object],
85 silly install resolved        [Object],
85 silly install resolved        [Object],
85 silly install resolved        [Object],
85 silly install resolved        [Object],
85 silly install resolved        [Object],
85 silly install resolved        [Object],
85 silly install resolved        [Object],
85 silly install resolved        [Object],
85 silly install resolved        [Object],
85 silly install resolved        [Object],
85 silly install resolved        [Object],
85 silly install resolved        [Object],
85 silly install resolved        [Object],
85 silly install resolved        [Object],
85 silly install resolved        [Object],
85 silly install resolved        [Object],
85 silly install resolved        [Object],
85 silly install resolved        [Object],
85 silly install resolved        [Object],
85 silly install resolved        [Object],
85 silly install resolved        [Object],
85 silly install resolved        [Object],
85 silly install resolved        [Object],
85 silly install resolved        [Object],
85 silly install resolved        [Object],
85 silly install resolved        [Object],
85 silly install resolved        [Object],
85 silly install resolved        [Object],
85 silly install resolved        [Object],
85 silly install resolved        [Object],
85 silly install resolved        [Object],
85 silly install resolved        [Object],
85 silly install resolved        [Object],
85 silly install resolved        [Object],
85 silly install resolved        [Object],
85 silly install resolved        [Object],
85 silly install resolved        [Object],
85 silly install resolved        [Object],
85 silly install resolved        [Object],
85 silly install resolved        [Object],
85 silly install resolved        [Object],
85 silly install resolved        [Object],
85 silly install resolved        [Object],
85 silly install resolved        [Object],
85 silly install resolved        [Object],
85 silly install resolved        [Object],
85 silly install resolved        [Object],
85 silly install resolved        [Object],
85 silly install resolved        [Object],
85 silly install resolved        [Object],
85 silly install resolved        [Object],
85 silly install resolved        [Object],
85 silly install resolved        [Object],
85 silly install resolved        [Object],
85 silly install resolved        [Object],
85 silly install resolved        [Object],
85 silly install resolved        [Object],
85 silly install resolved        [Object],
85 silly install resolved        [Object],
85 silly install resolved        [Object],
85 silly install resolved        [Object],
85 silly install resolved        [Object],
85 silly install resolved        [Object],
85 silly install resolved        [Object],
85 silly install resolved        [Object],
85 silly install resolved        [Object],
85 silly install resolved        [Object],
85 silly install resolved        [Object],
85 silly install resolved        [Object],
85 silly install resolved        [Object],
85 silly install resolved        [Object],
85 silly install resolved        [Object],
85 silly install resolved        [Object],
85 silly install resolved        [Object],
85 silly install resolved        [Object],
85 silly install resolved        [Object],
85 silly install resolved        [Object],
85 silly install resolved        [Object],
85 silly install resolved        [Object],
85 silly install resolved        [Object],
85 silly install resolved        [Object],
85 silly install resolved        [Object],
85 silly install resolved        [Object],
85 silly install resolved        [Object],
85 silly install resolved        [Object],
85 silly install resolved        [Object],
85 silly install resolved        [Object],
85 silly install resolved        [Object],
85 silly install resolved        [Object],
85 silly install resolved        [Object],
85 silly install resolved        [Object],
85 silly install resolved        [Object],
85 silly install resolved        [Object],
85 silly install resolved        [Object],
85 silly install resolved        [Object],
85 silly install resolved        [Object],
85 silly install resolved        [Object],
85 silly install resolved        [Object],
85 silly install resolved        [Object],
85 silly install resolved        [Object],
85 silly install resolved        [Object],
85 silly install resolved        [Object],
85 silly install resolved        [Object],
85 silly install resolved        [Object],
85 silly install resolved        [Object],
85 silly install resolved        [Object],
85 silly install resolved        [Object],
85 silly install resolved        [Object],
85 silly install resolved        [Object],
85 silly install resolved        [Object],
85 silly install resolved        [Object],
85 silly install resolved        [Object],
85 silly install resolved        [Object],
85 silly install resolved        [Object],
85 silly install resolved        [Object],
85 silly install resolved        [Object],
85 silly install resolved        [Object],
85 silly install resolved        [Object],
85 silly install resolved        [Object],
85 silly install resolved        [Object],
85 silly install resolved        [Object],
85 silly install resolved        [Object],
85 silly install resolved        [Object],
85 silly install resolved        [Object],
85 silly install resolved        [Object],
85 silly install resolved        [Object],
85 silly install resolved        [Object],
85 silly install resolved        [Object],
85 silly install resolved        [Object],
85 silly install resolved        [Object],
85 silly install resolved        [Object],
85 silly install resolved        [Object],
85 silly install resolved        [Object],
85 silly install resolved        [Object],
85 silly install resolved        [Object],
85 silly install resolved        [Object],
85 silly install resolved        [Object],
85 silly install resolved        [Object],
85 silly install resolved        [Object],
85 silly install resolved        [Object],
85 silly install resolved        [Object],
85 silly install resolved        [Object],
85 silly install resolved        [Object],
85 silly install resolved        [Object],
85 silly install resolved        [Object],
85 silly install resolved        [Object],
85 silly install resolved        [Object],
85 silly install resolved        [Object],
85 silly install resolved        [Object],
85 silly install resolved        [Object],
85 silly install resolved        [Object],
85 silly install resolved        [Object],
85 silly install resolved        [Object],
85 silly install resolved        [Object],
85 silly install resolved        [Object],
85 silly install resolved        [Object],
85 silly install resolved        [Object],
85 silly install resolved        [Object],
85 silly install resolved        [Object],
85 silly install resolved        [Object],
85 silly install resolved        [Object],
85 silly install resolved        [Object],
85 silly install resolved        [Object],
85 silly install resolved        [Object],
85 silly install resolved        [Object],
85 silly install resolved        [Object],
85 silly install resolved        [Object],
85 silly install resolved        [Object],
85 silly install resolved        [Object],
85 silly install resolved        [Object],
85 silly install resolved        [Object],
85 silly install resolved        [Object],
85 silly install resolved        [Object],
85 silly install resolved        [Object],
85 silly install resolved        [Object],
85 silly install resolved        [Object],
85 silly install resolved        [Object],
85 silly install resolved        [Object],
85 silly install resolved        [Object],
85 silly install resolved        [Object],
85 silly install resolved        [Object],
85 silly install resolved        [Object],
85 silly install resolved        [Object],
85 silly install resolved        [Object],
85 silly install resolved        [Object],
85 silly install resolved        [Object],
85 silly install resolved        [Object],
85 silly install resolved        [Object],
85 silly install resolved        [Object],
85 silly install resolved        [Object],
85 silly install resolved        [Object],
85 silly install resolved        [Object],
85 silly install resolved        [Object],
85 silly install resolved        [Object],
85 silly install resolved        [Object],
85 silly install resolved        [Object],
85 silly install resolved        [Object],
85 silly install resolved        [Object],
85 silly install resolved        [Object],
85 silly install resolved        [Object],
85 silly install resolved        [Object],
85 silly install resolved        [Object],
85 silly install resolved        [Object],
85 silly install resolved        [Object],
85 silly install resolved        [Object],
85 silly install resolved        [Object],
85 silly install resolved        [Object],
85 silly install resolved        [Object],
85 silly install resolved        [Object],
85 silly install resolved        [Object],
85 silly install resolved        [Object],
85 silly install resolved        [Object],
85 silly install resolved        [Object],
85 silly install resolved        [Object],
85 silly install resolved        [Object],
85 silly install resolved        [Object],
85 silly install resolved        [Object],
85 silly install resolved        [Object],
85 silly install resolved        [Object],
85 silly install resolved        [Object],
85 silly install resolved        [Object],
85 silly install resolved        [Object],
85 silly install resolved        [Object],
85 silly install resolved        [Object],
85 silly install resolved        [Object],
85 silly install resolved        [Object],
85 silly install resolved        [Object],
85 silly install resolved        [Object],
85 silly install resolved        [Object],
85 silly install resolved        [Object],
85 silly install resolved        [Object],
85 silly install resolved        [Object],
85 silly install resolved        [Object],
85 silly install resolved        [Object] ],
85 silly install resolved     license: 'MIT',
85 silly install resolved     repository: { type: 'git', url: 'git://github.com/mochajs/mocha.git' },
85 silly install resolved     maintainers: [ [Object], [Object], [Object], [Object] ],
85 silly install resolved     main: './index',
85 silly install resolved     bin: { mocha: './bin/mocha', _mocha: './bin/_mocha' },
85 silly install resolved     engines: { node: '>= 0.8.x' },
85 silly install resolved     scripts: { test: 'make test-all' },
85 silly install resolved     dependencies:
85 silly install resolved      { commander: '2.3.0',
85 silly install resolved        debug: '2.0.0',
85 silly install resolved        diff: '1.4.0',
85 silly install resolved        'escape-string-regexp': '1.0.2',
85 silly install resolved        glob: '3.2.3',
85 silly install resolved        growl: '1.8.1',
85 silly install resolved        jade: '0.26.3',
85 silly install resolved        mkdirp: '0.5.0',
85 silly install resolved        'supports-color': '1.2.0' },
85 silly install resolved     devDependencies:
85 silly install resolved      { 'browser-stdout': '^1.2.0',
85 silly install resolved        browserify: '10.2.4',
85 silly install resolved        'coffee-script': '~1.8.0',
85 silly install resolved        eslint: '^1.2.1',
85 silly install resolved        should: '~4.0.0',
85 silly install resolved        through2: '~0.6.5' },
85 silly install resolved     files:
85 silly install resolved      [ 'bin',
85 silly install resolved        'images',
85 silly install resolved        'lib',
85 silly install resolved        'index.js',
85 silly install resolved        'mocha.css',
85 silly install resolved        'mocha.js',
85 silly install resolved        'LICENSE' ],
85 silly install resolved     browser:
85 silly install resolved      { debug: './lib/browser/debug.js',
85 silly install resolved        events: './lib/browser/events.js',
85 silly install resolved        tty: './lib/browser/tty.js' },
85 silly install resolved     licenses: [ [Object] ],
85 silly install resolved     gitHead: 'c4393c456839d6bf2cbb4abb1cd177010ee06458',
85 silly install resolved     bugs: { url: 'https://github.com/mochajs/mocha/issues' },
85 silly install resolved     homepage: 'https://github.com/mochajs/mocha#readme',
85 silly install resolved     _id: 'mocha@2.3.3',
85 silly install resolved     _shasum: '96488c49bfd71d86a518cb941e291a83f48d8856',
85 silly install resolved     _from: 'mocha@*',
85 silly install resolved     _npmVersion: '2.14.2',
85 silly install resolved     _nodeVersion: '4.0.0',
85 silly install resolved     _npmUser: { name: 'boneskull', email: 'chiller@badwing.com' },
85 silly install resolved     dist:
85 silly install resolved      { shasum: '96488c49bfd71d86a518cb941e291a83f48d8856',
85 silly install resolved        tarball: 'http://registry.npmjs.org/mocha/-/mocha-2.3.3.tgz' },
85 silly install resolved     directories: {},
85 silly install resolved     _resolved: 'https://registry.npmjs.org/mocha/-/mocha-2.3.3.tgz',
85 silly install resolved     readme: 'ERROR: No README data found!' } ]
86 info install grunt-cli@0.1.13 into /usr/local/lib
87 info install istanbul@0.4.0 into /usr/local/lib
88 info install mocha@2.3.3 into /usr/local/lib
89 info installOne grunt-cli@0.1.13
90 verbose installOne of grunt-cli to /usr/local/lib not in flight; installing
91 info installOne istanbul@0.4.0
92 verbose installOne of istanbul to /usr/local/lib not in flight; installing
93 info installOne mocha@2.3.3
94 verbose installOne of mocha to /usr/local/lib not in flight; installing
95 verbose lock using /Users/EILEENWEI/.npm/_locks/istanbul-53fefb5325ba20cf.lock for /usr/local/lib/node_modules/istanbul
96 verbose lock using /Users/EILEENWEI/.npm/_locks/grunt-cli-58f484dab06f0a30.lock for /usr/local/lib/node_modules/grunt-cli
97 verbose lock using /Users/EILEENWEI/.npm/_locks/mocha-1cb4102bb5230051.lock for /usr/local/lib/node_modules/mocha
98 silly install write writing istanbul 0.4.0 to /usr/local/lib/node_modules/istanbul
99 silly install write writing mocha 2.3.3 to /usr/local/lib/node_modules/mocha
100 silly install write writing grunt-cli 0.1.13 to /usr/local/lib/node_modules/grunt-cli
101 verbose unbuild lib/node_modules/istanbul
102 verbose unbuild lib/node_modules/mocha
103 verbose unbuild lib/node_modules/grunt-cli
104 info preuninstall grunt-cli@0.1.13
105 info preuninstall mocha@2.3.3
106 info uninstall grunt-cli@0.1.13
107 info uninstall mocha@2.3.3
108 verbose unbuild rmStuff grunt-cli@0.1.13 from /usr/local/lib/node_modules
109 silly gentlyRm /usr/local/bin/grunt is being gently removed
110 silly gentlyRm verifying /usr/local is an npm working directory
111 silly gentlyRm containing path /usr/local is under npm's control, in /usr/local
112 silly gentlyRm deletion target /usr/local/bin/grunt is under /usr/local
113 verbose gentlyRm vacuuming from /usr/local/bin/grunt up to /usr/local
114 verbose unbuild rmStuff mocha@2.3.3 from /usr/local/lib/node_modules
115 silly gentlyRm /usr/local/bin/mocha is being gently removed
116 silly gentlyRm verifying /usr/local is an npm working directory
117 silly gentlyRm /usr/local/bin/_mocha is being gently removed
118 silly gentlyRm verifying /usr/local is an npm working directory
119 silly gentlyRm containing path /usr/local is under npm's control, in /usr/local
120 silly gentlyRm deletion target /usr/local/bin/mocha is under /usr/local
121 verbose gentlyRm vacuuming from /usr/local/bin/mocha up to /usr/local
122 silly gentlyRm containing path /usr/local is under npm's control, in /usr/local
123 silly gentlyRm deletion target /usr/local/bin/_mocha is under /usr/local
124 verbose gentlyRm vacuuming from /usr/local/bin/_mocha up to /usr/local
125 info preuninstall istanbul@0.4.0
126 silly vacuum-fs removing /usr/local/bin/grunt
127 silly vacuum-fs removing /usr/local/bin/mocha
128 silly vacuum-fs removing /usr/local/bin/_mocha
129 info uninstall istanbul@0.4.0
130 verbose unbuild rmStuff istanbul@0.4.0 from /usr/local/lib/node_modules
131 silly gentlyRm /usr/local/bin/istanbul is being gently removed
132 silly gentlyRm verifying /usr/local is an npm working directory
133 silly gentlyRm containing path /usr/local is under npm's control, in /usr/local
134 silly gentlyRm deletion target /usr/local/bin/istanbul is under /usr/local
135 verbose gentlyRm vacuuming from /usr/local/bin/istanbul up to /usr/local
136 silly vacuum-fs removing /usr/local/bin/istanbul
137 silly vacuum-fs quitting because other entries in /usr/local/bin
138 info postuninstall grunt-cli@0.1.13
139 silly vacuum-fs quitting because other entries in /usr/local/bin
140 silly vacuum-fs quitting because other entries in /usr/local/bin
141 info postuninstall mocha@2.3.3
142 silly vacuum-fs quitting because other entries in /usr/local/bin
143 info postuninstall istanbul@0.4.0
144 silly gentlyRm /usr/local/lib/node_modules/grunt-cli is being purged from base /usr/local
145 verbose gentlyRm don't care about contents; nuking /usr/local/lib/node_modules/grunt-cli
146 silly gentlyRm /usr/local/lib/node_modules/mocha is being purged from base /usr/local
147 verbose gentlyRm don't care about contents; nuking /usr/local/lib/node_modules/mocha
148 silly gentlyRm /usr/local/lib/node_modules/istanbul is being purged from base /usr/local
149 verbose gentlyRm don't care about contents; nuking /usr/local/lib/node_modules/istanbul
150 silly vacuum-fs purging /usr/local/lib/node_modules/grunt-cli
151 silly vacuum-fs purging /usr/local/lib/node_modules/mocha
152 silly vacuum-fs purging /usr/local/lib/node_modules/istanbul
153 verbose unlock done using /Users/EILEENWEI/.npm/_locks/grunt-cli-58f484dab06f0a30.lock for /usr/local/lib/node_modules/grunt-cli
154 verbose unlock done using /Users/EILEENWEI/.npm/_locks/mocha-1cb4102bb5230051.lock for /usr/local/lib/node_modules/mocha
155 verbose unlock done using /Users/EILEENWEI/.npm/_locks/istanbul-53fefb5325ba20cf.lock for /usr/local/lib/node_modules/istanbul
156 verbose stack Error: EACCES, rmdir '/usr/local/lib/node_modules/grunt-cli'
156 verbose stack     at Error (native)
157 verbose cwd /Users/EILEENWEI/Desktop/Developer/CMU Projects/FSE-F15-SB1-SSNoC
158 error Darwin 14.5.0
159 error argv "node" "/usr/local/bin/npm" "install" "-g" "grunt-cli" "mocha" "istanbul"
160 error node v0.12.7
161 error npm  v2.11.3
162 error path /usr/local/lib/node_modules/grunt-cli
163 error code EACCES
164 error errno -13
165 error Error: EACCES, rmdir '/usr/local/lib/node_modules/grunt-cli'
165 error     at Error (native)
165 error  { [Error: EACCES, rmdir '/usr/local/lib/node_modules/grunt-cli']
165 error   errno: -13,
165 error   code: 'EACCES',
165 error   path: '/usr/local/lib/node_modules/grunt-cli' }
166 error Please try running this command again as root/Administrator.
167 verbose exit [ -13, true ]
168 verbose unbuild lib/node_modules/grunt-cli
169 info preuninstall grunt-cli@0.1.13
170 info uninstall grunt-cli@0.1.13
171 verbose unbuild rmStuff grunt-cli@0.1.13 from /usr/local/lib/node_modules
172 silly gentlyRm /usr/local/bin/grunt is being gently removed
173 silly gentlyRm verifying /usr/local is an npm working directory
174 silly gentlyRm containing path /usr/local is under npm's control, in /usr/local
175 silly gentlyRm deletion target /usr/local/bin/grunt is under /usr/local
176 verbose gentlyRm vacuuming from /usr/local/bin/grunt up to /usr/local
177 info postuninstall grunt-cli@0.1.13
178 silly gentlyRm /usr/local/lib/node_modules/grunt-cli is being purged from base /usr/local
179 verbose gentlyRm don't care about contents; nuking /usr/local/lib/node_modules/grunt-cli
180 silly vacuum-fs purging /usr/local/lib/node_modules/grunt-cli
181 error error rolling back Error: EACCES, rmdir '/usr/local/lib/node_modules/grunt-cli'
181 error error rolling back     at Error (native)
181 error error rolling back  { [Error: EACCES, rmdir '/usr/local/lib/node_modules/grunt-cli']
181 error error rolling back   errno: -13,
181 error error rolling back   code: 'EACCES',
181 error error rolling back   path: '/usr/local/lib/node_modules/grunt-cli' }
